# JRE version: OpenJDK Runtime Environment (17.0.18+8) (build 17.0.18+8-Ubuntu-124.04.1)
# Java VM: OpenJDK 64-Bit Server VM (17.0.18+8-Ubuntu-124.04.1, mixed mode, sharing, tiered, compressed oops, compressed class ptrs, g1 gc, linux-amd64)
GC Precious Log:
 CPUs: 8 total, 8 available
 Memory: 15799M
 Large Page Support: Disabled
 NUMA Support: Disabled
 Compressed Oops: Enabled (32-bit)
 Heap Region Size: 1M
 Heap Min Capacity: 8M
 Heap Initial Capacity: 248M
 Heap Max Capacity: 1536M
 Pre-touch: Disabled
 Parallel Workers: 8
 Concurrent Workers: 2
 Concurrent Refinement Workers: 8
 Periodic GC: Disabled
Heap:
 garbage-first heap   total 242688K, used 182619K [0x00000000a0000000, 0x0000000100000000)
  region size 1024K, 142 young (145408K), 9 survivors (9216K)
 Metaspace       used 33732K, committed 34176K, reserved 917504K
  class space    used 4717K, committed 4928K, reserved 851968K
GC Heap History (20 events):
Event: 13.119 GC heap after
{Heap after GC invocations=34 (full 0):
 garbage-first heap   total 201728K, used 40521K [0x00000000a0000000, 0x0000000100000000)
  region size 1024K, 8 young (8192K), 8 survivors (8192K)
 Metaspace       used 33717K, committed 34176K, reserved 917504K
  class space    used 4717K, committed 4928K, reserved 851968K
}
Event: 13.494 GC heap before
{Heap before GC invocations=34 (full 0):
 garbage-first heap   total 201728K, used 153161K [0x00000000a0000000, 0x0000000100000000)
  region size 1024K, 118 young (120832K), 8 survivors (8192K)
 Metaspace       used 33723K, committed 34176K, reserved 917504K
  class space    used 4717K, committed 4928K, reserved 851968K
}
Event: 13.499 GC heap after
{Heap after GC invocations=35 (full 0):
 garbage-first heap   total 201728K, used 41591K [0x00000000a0000000, 0x0000000100000000)
  region size 1024K, 8 young (8192K), 8 survivors (8192K)
 Metaspace       used 33723K, committed 34176K, reserved 917504K
  class space    used 4717K, committed 4928K, reserved 851968K
}
Event: 13.789 GC heap before
{Heap before GC invocations=35 (full 0):
 garbage-first heap   total 201728K, used 154231K [0x00000000a0000000, 0x0000000100000000)
  region size 1024K, 118 young (120832K), 8 survivors (8192K)
 Metaspace       used 33723K, committed 34176K, reserved 917504K
  class space    used 4717K, committed 4928K, reserved 851968K
}
Event: 13.794 GC heap after
{Heap after GC invocations=36 (full 0):
 garbage-first heap   total 201728K, used 41917K [0x00000000a0000000, 0x0000000100000000)
  region size 1024K, 8 young (8192K), 8 survivors (8192K)
 Metaspace       used 33723K, committed 34176K, reserved 917504K
  class space    used 4717K, committed 4928K, reserved 851968K
}
Event: 14.115 GC heap before
{Heap before GC invocations=36 (full 0):
 garbage-first heap   total 201728K, used 154557K [0x00000000a0000000, 0x0000000100000000)
  region size 1024K, 118 young (120832K), 8 survivors (8192K)
 Metaspace       used 33728K, committed 34176K, reserved 917504K
  class space    used 4717K, committed 4928K, reserved 851968K
}
Event: 14.121 GC heap after
{Heap after GC invocations=37 (full 0):
 garbage-first heap   total 201728K, used 42545K [0x00000000a0000000, 0x0000000100000000)
  region size 1024K, 8 young (8192K), 8 survivors (8192K)
 Metaspace       used 33728K, committed 34176K, reserved 917504K
  class space    used 4717K, committed 4928K, reserved 851968K
}
Event: 14.428 GC heap before
{Heap before GC invocations=37 (full 0):
 garbage-first heap   total 201728K, used 155185K [0x00000000a0000000, 0x0000000100000000)
  region size 1024K, 118 young (120832K), 8 survivors (8192K)
 Metaspace       used 33728K, committed 34176K, reserved 917504K
  class space    used 4717K, committed 4928K, reserved 851968K
}
Event: 14.434 GC heap after
{Heap after GC invocations=38 (full 0):
 garbage-first heap   total 201728K, used 42992K [0x00000000a0000000, 0x0000000100000000)
  region size 1024K, 8 young (8192K), 8 survivors (8192K)
 Metaspace       used 33728K, committed 34176K, reserved 917504K
  class space    used 4717K, committed 4928K, reserved 851968K
}
Event: 14.700 GC heap before
{Heap before GC invocations=38 (full 0):
 garbage-first heap   total 201728K, used 155632K [0x00000000a0000000, 0x0000000100000000)
  region size 1024K, 118 young (120832K), 8 survivors (8192K)
 Metaspace       used 33732K, committed 34176K, reserved 917504K
  class space    used 4717K, committed 4928K, reserved 851968K
}
Event: 14.706 GC heap after
{Heap after GC invocations=39 (full 0):
 garbage-first heap   total 201728K, used 43972K [0x00000000a0000000, 0x0000000100000000)
  region size 1024K, 9 young (9216K), 9 survivors (9216K)
 Metaspace       used 33732K, committed 34176K, reserved 917504K
  class space    used 4717K, committed 4928K, reserved 851968K
}
Event: 14.952 GC heap before
{Heap before GC invocations=39 (full 0):
 garbage-first heap   total 201728K, used 155588K [0x00000000a0000000, 0x0000000100000000)
  region size 1024K, 118 young (120832K), 9 survivors (9216K)
 Metaspace       used 33732K, committed 34176K, reserved 917504K
  class space    used 4717K, committed 4928K, reserved 851968K
}
Event: 14.959 GC heap after
{Heap after GC invocations=40 (full 0):
 garbage-first heap   total 201728K, used 44441K [0x00000000a0000000, 0x0000000100000000)
  region size 1024K, 9 young (9216K), 9 survivors (9216K)
 Metaspace       used 33732K, committed 34176K, reserved 917504K
  class space    used 4717K, committed 4928K, reserved 851968K
}
Event: 15.205 GC heap before
{Heap before GC invocations=40 (full 0):
 garbage-first heap   total 201728K, used 156057K [0x00000000a0000000, 0x0000000100000000)
  region size 1024K, 118 young (120832K), 9 survivors (9216K)
 Metaspace       used 33732K, committed 34176K, reserved 917504K
  class space    used 4717K, committed 4928K, reserved 851968K
}
Event: 15.211 GC heap after
{Heap after GC invocations=41 (full 0):
 garbage-first heap   total 201728K, used 45239K [0x00000000a0000000, 0x0000000100000000)
  region size 1024K, 9 young (9216K), 9 survivors (9216K)
 Metaspace       used 33732K, committed 34176K, reserved 917504K
  class space    used 4717K, committed 4928K, reserved 851968K
}
Event: 15.430 GC heap before
{Heap before GC invocations=41 (full 0):
 garbage-first heap   total 201728K, used 156855K [0x00000000a0000000, 0x0000000100000000)
  region size 1024K, 118 young (120832K), 9 survivors (9216K)
 Metaspace       used 33732K, committed 34176K, reserved 917504K
  class space    used 4717K, committed 4928K, reserved 851968K
}
Event: 15.436 GC heap after
{Heap after GC invocations=42 (full 0):
 garbage-first heap   total 201728K, used 45638K [0x00000000a0000000, 0x0000000100000000)
  region size 1024K, 9 young (9216K), 9 survivors (9216K)
 Metaspace       used 33732K, committed 34176K, reserved 917504K
  class space    used 4717K, committed 4928K, reserved 851968K
}
Event: 15.694 GC heap before
{Heap before GC invocations=42 (full 0):
 garbage-first heap   total 201728K, used 157254K [0x00000000a0000000, 0x0000000100000000)
  region size 1024K, 118 young (120832K), 9 survivors (9216K)
 Metaspace       used 33732K, committed 34176K, reserved 917504K
  class space    used 4717K, committed 4928K, reserved 851968K
}
Event: 15.701 GC heap after
{Heap after GC invocations=43 (full 0):
 garbage-first heap   total 242688K, used 46427K [0x00000000a0000000, 0x0000000100000000)
  region size 1024K, 9 young (9216K), 9 survivors (9216K)
 Metaspace       used 33732K, committed 34176K, reserved 917504K
  class space    used 4717K, committed 4928K, reserved 851968K
}
Event: 16.085 GC heap before
{Heap before GC invocations=43 (full 0):
 garbage-first heap   total 242688K, used 182619K [0x00000000a0000000, 0x0000000100000000)
  region size 1024K, 142 young (145408K), 9 survivors (9216K)
 Metaspace       used 33732K, committed 34176K, reserved 917504K
  class space    used 4717K, committed 4928K, reserved 851968K
}

