# JRE version: OpenJDK Runtime Environment (17.0.18+8) (build 17.0.18+8-Ubuntu-124.04.1)
# Java VM: OpenJDK 64-Bit Server VM (17.0.18+8-Ubuntu-124.04.1, mixed mode, sharing, tiered, compressed oops, compressed class ptrs, g1 gc, linux-amd64)
GC Precious Log:
 CPUs: 8 total, 8 available
 Memory: 15799M
 Large Page Support: Disabled
 NUMA Support: Disabled
 Compressed Oops: Enabled (32-bit)
 Heap Region Size: 1M
 Heap Min Capacity: 8M
 Heap Initial Capacity: 248M
 Heap Max Capacity: 2G
 Pre-touch: Disabled
 Parallel Workers: 8
 Concurrent Workers: 2
 Concurrent Refinement Workers: 8
 Periodic GC: Disabled
Heap:
 garbage-first heap   total 256000K, used 26072K [0x0000000080000000, 0x0000000100000000)
  region size 1024K, 15 young (15360K), 12 survivors (12288K)
 Metaspace       used 21501K, committed 21824K, reserved 917504K
  class space    used 3172K, committed 3328K, reserved 851968K
GC Heap History (8 events):
Event: 0.698 GC heap before
{Heap before GC invocations=0 (full 0):
 garbage-first heap   total 256000K, used 26548K [0x0000000080000000, 0x0000000100000000)
  region size 1024K, 23 young (23552K), 0 survivors (0K)
 Metaspace       used 1110K, committed 1280K, reserved 917504K
  class space    used 74K, committed 128K, reserved 851968K
}
Event: 0.701 GC heap after
{Heap after GC invocations=1 (full 0):
 garbage-first heap   total 256000K, used 9215K [0x0000000080000000, 0x0000000100000000)
  region size 1024K, 3 young (3072K), 3 survivors (3072K)
 Metaspace       used 1110K, committed 1280K, reserved 917504K
  class space    used 74K, committed 128K, reserved 851968K
}
Event: 1.782 GC heap before
{Heap before GC invocations=1 (full 0):
 garbage-first heap   total 256000K, used 48127K [0x0000000080000000, 0x0000000100000000)
  region size 1024K, 41 young (41984K), 3 survivors (3072K)
 Metaspace       used 4441K, committed 4608K, reserved 917504K
  class space    used 553K, committed 640K, reserved 851968K
}
Event: 1.787 GC heap after
{Heap after GC invocations=2 (full 0):
 garbage-first heap   total 256000K, used 12186K [0x0000000080000000, 0x0000000100000000)
  region size 1024K, 6 young (6144K), 6 survivors (6144K)
 Metaspace       used 4441K, committed 4608K, reserved 917504K
  class space    used 553K, committed 640K, reserved 851968K
}
Event: 3.670 GC heap before
{Heap before GC invocations=2 (full 0):
 garbage-first heap   total 256000K, used 66458K [0x0000000080000000, 0x0000000100000000)
  region size 1024K, 57 young (58368K), 6 survivors (6144K)
 Metaspace       used 12056K, committed 12288K, reserved 917504K
  class space    used 1642K, committed 1728K, reserved 851968K
}
Event: 3.679 GC heap after
{Heap after GC invocations=3 (full 0):
 garbage-first heap   total 256000K, used 19928K [0x0000000080000000, 0x0000000100000000)
  region size 1024K, 8 young (8192K), 8 survivors (8192K)
 Metaspace       used 12056K, committed 12288K, reserved 917504K
  class space    used 1642K, committed 1728K, reserved 851968K
}
Event: 5.356 GC heap before
{Heap before GC invocations=3 (full 0):
 garbage-first heap   total 256000K, used 93656K [0x0000000080000000, 0x0000000100000000)
  region size 1024K, 81 young (82944K), 8 survivors (8192K)
 Metaspace       used 21203K, committed 21504K, reserved 917504K
  class space    used 3125K, committed 3264K, reserved 851968K
}
Event: 5.365 GC heap after
{Heap after GC invocations=4 (full 0):
 garbage-first heap   total 256000K, used 24024K [0x0000000080000000, 0x0000000100000000)
  region size 1024K, 12 young (12288K), 12 survivors (12288K)
 Metaspace       used 21203K, committed 21504K, reserved 917504K
  class space    used 3125K, committed 3264K, reserved 851968K
}

