# JRE version: OpenJDK Runtime Environment (17.0.18+8) (build 17.0.18+8-Ubuntu-124.04.1)
# Java VM: OpenJDK 64-Bit Server VM (17.0.18+8-Ubuntu-124.04.1, mixed mode, sharing, tiered, compressed oops, compressed class ptrs, g1 gc, linux-amd64)
GC Precious Log:
 CPUs: 8 total, 8 available
 Memory: 15799M
 Large Page Support: Disabled
 NUMA Support: Disabled
 Compressed Oops: Enabled (32-bit)
 Heap Region Size: 1M
 Heap Min Capacity: 8M
 Heap Initial Capacity: 248M
 Heap Max Capacity: 1536M
 Pre-touch: Disabled
 Parallel Workers: 8
 Concurrent Workers: 2
 Concurrent Refinement Workers: 8
 Periodic GC: Disabled
Heap:
 garbage-first heap   total 219136K, used 105750K [0x00000000a0000000, 0x0000000100000000)
  region size 1024K, 17 young (17408K), 9 survivors (9216K)
 Metaspace       used 121042K, committed 121792K, reserved 983040K
  class space    used 15472K, committed 15808K, reserved 851968K
GC Heap History (20 events):
Event: 33.428 GC heap before
{Heap before GC invocations=71 (full 0):
 garbage-first heap   total 219136K, used 177806K [0x00000000a0000000, 0x0000000100000000)
  region size 1024K, 104 young (106496K), 5 survivors (5120K)
 Metaspace       used 74682K, committed 75264K, reserved 917504K
  class space    used 10038K, committed 10304K, reserved 851968K
}
Event: 33.438 GC heap after
{Heap after GC invocations=72 (full 0):
 garbage-first heap   total 219136K, used 80846K [0x00000000a0000000, 0x0000000100000000)
  region size 1024K, 10 young (10240K), 10 survivors (10240K)
 Metaspace       used 74682K, committed 75264K, reserved 917504K
  class space    used 10038K, committed 10304K, reserved 851968K
}
Event: 33.444 GC heap before
{Heap before GC invocations=72 (full 0):
 garbage-first heap   total 219136K, used 81870K [0x00000000a0000000, 0x0000000100000000)
  region size 1024K, 11 young (11264K), 10 survivors (10240K)
 Metaspace       used 74691K, committed 75264K, reserved 917504K
  class space    used 10038K, committed 10304K, reserved 851968K
}
Event: 33.451 GC heap after
{Heap after GC invocations=73 (full 0):
 garbage-first heap   total 219136K, used 80195K [0x00000000a0000000, 0x0000000100000000)
  region size 1024K, 2 young (2048K), 2 survivors (2048K)
 Metaspace       used 74691K, committed 75264K, reserved 917504K
  class space    used 10038K, committed 10304K, reserved 851968K
}
Event: 34.852 GC heap before
{Heap before GC invocations=73 (full 0):
 garbage-first heap   total 219136K, used 175427K [0x00000000a0000000, 0x0000000100000000)
  region size 1024K, 95 young (97280K), 2 survivors (2048K)
 Metaspace       used 80810K, committed 81408K, reserved 983040K
  class space    used 10725K, committed 11008K, reserved 851968K
}
Event: 34.865 GC heap after
{Heap after GC invocations=74 (full 0):
 garbage-first heap   total 219136K, used 88777K [0x00000000a0000000, 0x0000000100000000)
  region size 1024K, 10 young (10240K), 10 survivors (10240K)
 Metaspace       used 80810K, committed 81408K, reserved 983040K
  class space    used 10725K, committed 11008K, reserved 851968K
}
Event: 36.240 GC heap before
{Heap before GC invocations=74 (full 0):
 garbage-first heap   total 219136K, used 172745K [0x00000000a0000000, 0x0000000100000000)
  region size 1024K, 93 young (95232K), 10 survivors (10240K)
 Metaspace       used 91495K, committed 92096K, reserved 983040K
  class space    used 11889K, committed 12160K, reserved 851968K
}
Event: 36.254 GC heap after
{Heap after GC invocations=75 (full 0):
 garbage-first heap   total 219136K, used 93686K [0x00000000a0000000, 0x0000000100000000)
  region size 1024K, 5 young (5120K), 5 survivors (5120K)
 Metaspace       used 91495K, committed 92096K, reserved 983040K
  class space    used 11889K, committed 12160K, reserved 851968K
}
Event: 37.736 GC heap before
{Heap before GC invocations=75 (full 0):
 garbage-first heap   total 219136K, used 175606K [0x00000000a0000000, 0x0000000100000000)
  region size 1024K, 85 young (87040K), 5 survivors (5120K)
 Metaspace       used 103314K, committed 104000K, reserved 983040K
  class space    used 13144K, committed 13440K, reserved 851968K
}
Event: 37.745 GC heap after
{Heap after GC invocations=76 (full 0):
 garbage-first heap   total 219136K, used 95073K [0x00000000a0000000, 0x0000000100000000)
  region size 1024K, 7 young (7168K), 7 survivors (7168K)
 Metaspace       used 103314K, committed 104000K, reserved 983040K
  class space    used 13144K, committed 13440K, reserved 851968K
}
Event: 38.324 GC heap before
{Heap before GC invocations=76 (full 0):
 garbage-first heap   total 219136K, used 179041K [0x00000000a0000000, 0x0000000100000000)
  region size 1024K, 88 young (90112K), 7 survivors (7168K)
 Metaspace       used 104698K, committed 105344K, reserved 983040K
  class space    used 13307K, committed 13568K, reserved 851968K
}
Event: 38.339 GC heap after
{Heap after GC invocations=77 (full 0):
 garbage-first heap   total 219136K, used 103133K [0x00000000a0000000, 0x0000000100000000)
  region size 1024K, 10 young (10240K), 10 survivors (10240K)
 Metaspace       used 104698K, committed 105344K, reserved 983040K
  class space    used 13307K, committed 13568K, reserved 851968K
}
Event: 38.754 GC heap before
{Heap before GC invocations=77 (full 0):
 garbage-first heap   total 219136K, used 124637K [0x00000000a0000000, 0x0000000100000000)
  region size 1024K, 32 young (32768K), 10 survivors (10240K)
 Metaspace       used 105930K, committed 106496K, reserved 983040K
  class space    used 13450K, committed 13696K, reserved 851968K
}
Event: 38.758 GC heap after
{Heap after GC invocations=78 (full 0):
 garbage-first heap   total 219136K, used 97322K [0x00000000a0000000, 0x0000000100000000)
  region size 1024K, 2 young (2048K), 2 survivors (2048K)
 Metaspace       used 105930K, committed 106496K, reserved 983040K
  class space    used 13450K, committed 13696K, reserved 851968K
}
Event: 39.616 GC heap before
{Heap before GC invocations=79 (full 0):
 garbage-first heap   total 219136K, used 176307K [0x00000000a0000000, 0x0000000100000000)
  region size 1024K, 81 young (82944K), 2 survivors (2048K)
 Metaspace       used 108687K, committed 109376K, reserved 983040K
  class space    used 13932K, committed 14272K, reserved 851968K
}
Event: 39.625 GC heap after
{Heap after GC invocations=80 (full 0):
 garbage-first heap   total 219136K, used 99571K [0x00000000a0000000, 0x0000000100000000)
  region size 1024K, 7 young (7168K), 7 survivors (7168K)
 Metaspace       used 108687K, committed 109376K, reserved 983040K
  class space    used 13932K, committed 14272K, reserved 851968K
}
Event: 39.639 GC heap before
{Heap before GC invocations=80 (full 0):
 garbage-first heap   total 219136K, used 102643K [0x00000000a0000000, 0x0000000100000000)
  region size 1024K, 10 young (10240K), 7 survivors (7168K)
 Metaspace       used 108690K, committed 109376K, reserved 983040K
  class space    used 13932K, committed 14272K, reserved 851968K
}
Event: 39.650 GC heap after
{Heap after GC invocations=81 (full 0):
 garbage-first heap   total 219136K, used 91291K [0x00000000a0000000, 0x0000000100000000)
  region size 1024K, 1 young (1024K), 1 survivors (1024K)
 Metaspace       used 108690K, committed 109376K, reserved 983040K
  class space    used 13932K, committed 14272K, reserved 851968K
}
Event: 44.238 GC heap before
{Heap before GC invocations=81 (full 0):
 garbage-first heap   total 219136K, used 177307K [0x00000000a0000000, 0x0000000100000000)
  region size 1024K, 85 young (87040K), 1 survivors (1024K)
 Metaspace       used 120345K, committed 121088K, reserved 983040K
  class space    used 15418K, committed 15744K, reserved 851968K
}
Event: 44.252 GC heap after
{Heap after GC invocations=82 (full 0):
 garbage-first heap   total 219136K, used 98582K [0x00000000a0000000, 0x0000000100000000)
  region size 1024K, 9 young (9216K), 9 survivors (9216K)
 Metaspace       used 120345K, committed 121088K, reserved 983040K
  class space    used 15418K, committed 15744K, reserved 851968K
}

